2024.08.10 07:35:15 INFO  Started: Metals version 1.3.5 in folders 'C:\Users\HP\OneDrive\Documents\Scala_Project08\Scala_Practical08' for client Visual Studio Code 1.92.1.
SLF4J(W): Class path contains multiple SLF4J providers.
SLF4J(W): Found provider [scribe.slf4j.ScribeServiceProvider@71b29418]
SLF4J(W): Found provider [ch.qos.logback.classic.spi.LogbackServiceProvider@572d961]
SLF4J(W): See https://www.slf4j.org/codes.html#multiple_bindings for an explanation.
SLF4J(I): Actual provider is of type [scribe.slf4j.ScribeServiceProvider@71b29418]
2024.08.10 07:35:15 WARN  Flyway upgrade recommended: H2 2.3.230 is newer than this version of Flyway and support has not been tested. The latest supported version of H2 is 2.2.220.
2024.08.10 07:35:16 INFO  no build target found for C:\Users\HP\OneDrive\Documents\Scala_Project08\Scala_Practical08\q1.scala. Using presentation compiler with project's scala-library version: 3.3.3
2024.08.10 07:35:18 INFO  Running List(C:\Users\HP\AppData\Local\Coursier\data\bin\scala-cli.BAT, setup-ide, C:\Users\HP\OneDrive\Documents\Scala_Project08\Scala_Practical08)
2024.08.10 07:35:19 INFO  Attempting to connect to the build server...
2024.08.10 07:35:19 INFO  Running BSP server List(C:\Users\HP\AppData\Local\Coursier\data\bin\.scala-cli.aux.exe, bsp, --json-options, C:\Users\HP\OneDrive\Documents\Scala_Project08\Scala_Practical08\.scala-build\ide-options-v2.json, --json-launcher-options, C:\Users\HP\OneDrive\Documents\Scala_Project08\Scala_Practical08\.scala-build\ide-launcher-options.json, --envs-file, C:\Users\HP\OneDrive\Documents\Scala_Project08\Scala_Practical08\.scala-build\ide-envs.json, C:\Users\HP\OneDrive\Documents\Scala_Project08\Scala_Practical08)
2024.08.10 07:35:18 INFO  tracing is disabled for protocol BSP, to enable tracing of incoming and outgoing JSON messages create an empty file at C:\Users\HP\OneDrive\Documents\Scala_Project08\Scala_Practical08\.metals\bsp.trace.json or C:\Users\HP\AppData\Local\scalameta\metals\cache\bsp.trace.json
2024.08.10 07:35:20 INFO  BSP server: Starting compilation server
2024.08.10 07:35:21 WARN  Could not find semantic tokens for: file:///C:/Users/HP/OneDrive/Documents/Scala_Project08/Scala_Practical08/q1.scala
Aug 10, 2024 7:35:22 AM org.eclipse.lsp4j.jsonrpc.services.GenericEndpoint notify
INFO: Unsupported notification method: $/setTrace
2024.08.10 07:35:24 INFO  time: Connected to build server in 5.26s
2024.08.10 07:35:24 INFO  Connected to Build server: scala-cli v1.3.2
2024.08.10 07:35:25 INFO  compiling scala_practical08_f4dd477a3a (1 scala source)
2024.08.10 07:35:27 INFO  time: Imported build in 2.63s
2024.08.10 07:35:27 INFO  running doctor check
2024.08.10 07:35:27 INFO  java targets: Scala_Practical08_f4dd477a3a-test, Scala_Practical08_f4dd477a3a
2024.08.10 07:35:30 WARN  Flyway upgrade recommended: H2 2.3.230 is newer than this version of Flyway and support has not been tested. The latest supported version of H2 is 2.2.220.
2024.08.10 07:35:32 INFO  time: indexed workspace in 5.28s
2024.08.10 07:35:34 WARN  Could not find semantic tokens for: file:///C:/Users/HP/OneDrive/Documents/Scala_Project08/Scala_Practical08/q1.scala
2024.08.10 07:35:36 WARN  Could not find semantic tokens for: file:///C:/Users/HP/OneDrive/Documents/Scala_Project08/Scala_Practical08/q1.scala
2024.08.10 07:36:18 INFO  compiling scala_practical08_f4dd477a3a (1 scala source)
2024.08.10 07:36:20 INFO  time: compiled Scala_Practical08_f4dd477a3a in 1.79s
Aug 10, 2024 7:36:25 AM org.eclipse.lsp4j.jsonrpc.services.GenericEndpoint notify
INFO: Unsupported notification method: $/setTrace
2024.08.10 07:47:20 INFO  no build target found for C:\Users\HP\OneDrive\Documents\Scala_Project08\Scala_Practical08\q2.scala. Using presentation compiler with project's scala-library version: 3.3.3
2024.08.10 07:47:20 INFO  no build target found for C:\Users\HP\OneDrive\Documents\Scala_Project08\Scala_Practical08\q2.scala. Using presentation compiler with project's scala-library version: 3.3.3
2024.08.10 07:47:20 WARN  Could not find semantic tokens for: file:///C:/Users/HP/OneDrive/Documents/Scala_Project08/Scala_Practical08/q2.scala
2024.08.10 07:47:20 INFO  running doctor check
2024.08.10 07:47:20 INFO  java targets: Scala_Practical08_f4dd477a3a-test, Scala_Practical08_f4dd477a3a
2024.08.10 07:47:20 INFO  compiling scala_practical08_f4dd477a3a (1 scala source)
2024.08.10 07:47:20 INFO  time: compiled Scala_Practical08_f4dd477a3a in 0.18s
2024.08.10 07:47:21 INFO  time: indexed workspace in 1.11s
2024.08.10 07:47:21 WARN  Could not find semantic tokens for: file:///C:/Users/HP/OneDrive/Documents/Scala_Project08/Scala_Practical08/q2.scala
2024.08.10 07:49:44 INFO  compiling scala_practical08_f4dd477a3a (1 scala source)
2024.08.10 07:49:44 INFO  time: compiled Scala_Practical08_f4dd477a3a in 0.61s
2024.08.10 07:56:11 INFO  Shutting down server
2024.08.10 07:56:11 INFO  shutting down Metals
2024.08.10 07:56:11 INFO  Shut down connection with build server.
2024.08.10 07:56:11 INFO  Exiting server
